<?xml version="1.0" encoding="UTF-8"?>
<testsuite xmlns:xsi="http://www.w3.org/2001/XMLSchema-instance" xsi:noNamespaceSchemaLocation="https://maven.apache.org/surefire/maven-surefire-plugin/xsd/surefire-test-report-3.0.xsd" version="3.0" name="com.app.gateway.ApiGatewayApplicationTest" time="1.401" tests="1" errors="0" skipped="0" failures="0">
  <properties>
[...]
</properties>
  <testcase name="contextLoads" classname="com.app.gateway.ApiGatewayApplicationTest" time="0.004">
    <system-out><![CDATA[21:50:03.251 [main] INFO org.springframework.test.context.support.AnnotationConfigContextLoaderUtils -- Could not detect default configuration classes for test class [com.app.gateway.ApiGatewayApplicationTest]: ApiGatewayApplicationTest does not declare any static, non-private, non-final, nested classes annotated with @Configuration.
21:50:03.302 [main] INFO org.springframework.boot.test.context.SpringBootTestContextBootstrapper -- Found @SpringBootConfiguration com.app.gateway.ApiGatewayApplication for test class com.app.gateway.ApiGatewayApplicationTest

  .   ____          _            __ _ _
 /\\ / ___'_ __ _ _(_)_ __  __ _ \ \ \ \
( ( )\___ | '_ | '_| | '_ \/ _` | \ \ \ \
 \\/  ___)| |_)| | | | | || (_| |  ) ) ) )
  '  |____| .__|_| |_|_| |_\__, | / / / /
 =========|_|==============|___/=/_/_/_/
 :: Spring Boot ::                (v3.1.2)

2026-01-03T21:50:03.494+05:30  INFO 20983 --- [           main] c.app.gateway.ApiGatewayApplicationTest  : Starting ApiGatewayApplicationTest using Java 17.0.17 with PID 20983 (started by polakujoshikasree in /Users/polakujoshikasree/Documents/Capstone_Service-Management-System/api-gateway)
2026-01-03T21:50:03.495+05:30  INFO 20983 --- [           main] c.app.gateway.ApiGatewayApplicationTest  : No active profile set, falling back to 1 default profile: "default"
2026-01-03T21:50:03.839+05:30  INFO 20983 --- [           main] o.s.cloud.context.scope.GenericScope     : BeanFactory id=5e68dc49-5c2f-3536-820a-aafe4d6e7f37
2026-01-03T21:50:03.877+05:30  INFO 20983 --- [           main] trationDelegate$BeanPostProcessorChecker : Bean 'org.springframework.cloud.client.loadbalancer.reactive.LoadBalancerBeanPostProcessorAutoConfiguration' of type [org.springframework.cloud.client.loadbalancer.reactive.LoadBalancerBeanPostProcessorAutoConfiguration] is not eligible for getting processed by all BeanPostProcessors (for example: not eligible for auto-proxying)
2026-01-03T21:50:03.877+05:30  INFO 20983 --- [           main] trationDelegate$BeanPostProcessorChecker : Bean 'org.springframework.cloud.client.loadbalancer.reactive.LoadBalancerBeanPostProcessorAutoConfiguration$ReactorDeferringLoadBalancerFilterConfig' of type [org.springframework.cloud.client.loadbalancer.reactive.LoadBalancerBeanPostProcessorAutoConfiguration$ReactorDeferringLoadBalancerFilterConfig] is not eligible for getting processed by all BeanPostProcessors (for example: not eligible for auto-proxying)
2026-01-03T21:50:03.878+05:30  INFO 20983 --- [           main] trationDelegate$BeanPostProcessorChecker : Bean 'reactorDeferringLoadBalancerExchangeFilterFunction' of type [org.springframework.cloud.client.loadbalancer.reactive.DeferringLoadBalancerExchangeFilterFunction] is not eligible for getting processed by all BeanPostProcessors (for example: not eligible for auto-proxying)
2026-01-03T21:50:04.119+05:30 DEBUG 20983 --- [           main] o.s.c.gateway.config.GatewayProperties   : Routes supplied from Gateway Properties: [RouteDefinition{id='auth-service', predicates=[PredicateDefinition{name='Path', args={_genkey_0=/auth-service/**}}], filters=[FilterDefinition{name='StripPrefix', args={_genkey_0=1}}, FilterDefinition{name='RemoveRequestHeader', args={_genkey_0=Cookie}}], uri=lb://auth-service, order=0, metadata={}}, RouteDefinition{id='technician-service', predicates=[PredicateDefinition{name='Path', args={_genkey_0=/api/technicians/**}}], filters=[], uri=lb://technician-service, order=0, metadata={}}, RouteDefinition{id='booking-service', predicates=[PredicateDefinition{name='Path', args={_genkey_0=/api/bookings/**}}], filters=[], uri=lb://booking-service, order=0, metadata={}}]
2026-01-03T21:50:04.155+05:30  INFO 20983 --- [           main] o.s.c.g.r.RouteDefinitionRouteLocator    : Loaded RoutePredicateFactory [After]
2026-01-03T21:50:04.155+05:30  INFO 20983 --- [           main] o.s.c.g.r.RouteDefinitionRouteLocator    : Loaded RoutePredicateFactory [Before]
2026-01-03T21:50:04.155+05:30  INFO 20983 --- [           main] o.s.c.g.r.RouteDefinitionRouteLocator    : Loaded RoutePredicateFactory [Between]
2026-01-03T21:50:04.155+05:30  INFO 20983 --- [           main] o.s.c.g.r.RouteDefinitionRouteLocator    : Loaded RoutePredicateFactory [Cookie]
2026-01-03T21:50:04.155+05:30  INFO 20983 --- [           main] o.s.c.g.r.RouteDefinitionRouteLocator    : Loaded RoutePredicateFactory [Header]
2026-01-03T21:50:04.155+05:30  INFO 20983 --- [           main] o.s.c.g.r.RouteDefinitionRouteLocator    : Loaded RoutePredicateFactory [Host]
2026-01-03T21:50:04.155+05:30  INFO 20983 --- [           main] o.s.c.g.r.RouteDefinitionRouteLocator    : Loaded RoutePredicateFactory [Method]
2026-01-03T21:50:04.155+05:30  INFO 20983 --- [           main] o.s.c.g.r.RouteDefinitionRouteLocator    : Loaded RoutePredicateFactory [Path]
2026-01-03T21:50:04.156+05:30  INFO 20983 --- [           main] o.s.c.g.r.RouteDefinitionRouteLocator    : Loaded RoutePredicateFactory [Query]
2026-01-03T21:50:04.156+05:30  INFO 20983 --- [           main] o.s.c.g.r.RouteDefinitionRouteLocator    : Loaded RoutePredicateFactory [ReadBody]
2026-01-03T21:50:04.156+05:30  INFO 20983 --- [           main] o.s.c.g.r.RouteDefinitionRouteLocator    : Loaded RoutePredicateFactory [RemoteAddr]
2026-01-03T21:50:04.156+05:30  INFO 20983 --- [           main] o.s.c.g.r.RouteDefinitionRouteLocator    : Loaded RoutePredicateFactory [XForwardedRemoteAddr]
2026-01-03T21:50:04.156+05:30  INFO 20983 --- [           main] o.s.c.g.r.RouteDefinitionRouteLocator    : Loaded RoutePredicateFactory [Weight]
2026-01-03T21:50:04.156+05:30  INFO 20983 --- [           main] o.s.c.g.r.RouteDefinitionRouteLocator    : Loaded RoutePredicateFactory [CloudFoundryRouteService]
2026-01-03T21:50:04.202+05:30  INFO 20983 --- [           main] ctiveUserDetailsServiceAutoConfiguration : 

Using generated security password: 65e53688-c8fa-4912-8ef7-97170c6fdee8

2026-01-03T21:50:04.273+05:30  INFO 20983 --- [           main] DiscoveryClientOptionalArgsConfiguration : Eureka HTTP Client uses RestTemplate.
2026-01-03T21:50:04.292+05:30  WARN 20983 --- [           main] iguration$LoadBalancerCaffeineWarnLogger : Spring Cloud LoadBalancer is currently working with the default cache. While this cache implementation is useful for development and tests, it's recommended to use Caffeine cache in production.You can switch to using Caffeine cache, by adding it and org.springframework.cache.caffeine.CaffeineCacheManager to the classpath.
2026-01-03T21:50:04.303+05:30  INFO 20983 --- [           main] o.s.c.n.eureka.InstanceInfoFactory       : Setting initial instance status as: STARTING
2026-01-03T21:50:04.346+05:30  INFO 20983 --- [           main] com.netflix.discovery.DiscoveryClient    : Initializing Eureka in region us-east-1
2026-01-03T21:50:04.349+05:30  INFO 20983 --- [           main] c.n.d.s.r.aws.ConfigClusterResolver      : Resolving eureka endpoints via configuration
2026-01-03T21:50:04.361+05:30  INFO 20983 --- [           main] com.netflix.discovery.DiscoveryClient    : Disable delta property : false
2026-01-03T21:50:04.361+05:30  INFO 20983 --- [           main] com.netflix.discovery.DiscoveryClient    : Single vip registry refresh property : null
2026-01-03T21:50:04.361+05:30  INFO 20983 --- [           main] com.netflix.discovery.DiscoveryClient    : Force full registry fetch : false
2026-01-03T21:50:04.361+05:30  INFO 20983 --- [           main] com.netflix.discovery.DiscoveryClient    : Application is null : false
2026-01-03T21:50:04.361+05:30  INFO 20983 --- [           main] com.netflix.discovery.DiscoveryClient    : Registered Applications size is zero : true
2026-01-03T21:50:04.361+05:30  INFO 20983 --- [           main] com.netflix.discovery.DiscoveryClient    : Application version is -1: true
2026-01-03T21:50:04.361+05:30  INFO 20983 --- [           main] com.netflix.discovery.DiscoveryClient    : Getting all instance registry info from the eureka server
2026-01-03T21:50:04.538+05:30  INFO 20983 --- [           main] com.netflix.discovery.DiscoveryClient    : The response status is 200
2026-01-03T21:50:04.539+05:30  INFO 20983 --- [           main] com.netflix.discovery.DiscoveryClient    : Starting heartbeat executor: renew interval is: 30
2026-01-03T21:50:04.540+05:30  INFO 20983 --- [           main] c.n.discovery.InstanceInfoReplicator     : InstanceInfoReplicator onDemand update allowed rate per min is 4
2026-01-03T21:50:04.543+05:30  INFO 20983 --- [           main] com.netflix.discovery.DiscoveryClient    : Discovery Client initialized at timestamp 1767457204542 with initial instances count: 5
2026-01-03T21:50:04.544+05:30  INFO 20983 --- [           main] o.s.c.n.e.s.EurekaServiceRegistry        : Registering application API-GATEWAY with eureka with status UP
2026-01-03T21:50:04.544+05:30  INFO 20983 --- [           main] com.netflix.discovery.DiscoveryClient    : Saw local status change event StatusChangeEvent [timestamp=1767457204544, current=UP, previous=STARTING]
2026-01-03T21:50:04.544+05:30  INFO 20983 --- [nfoReplicator-0] com.netflix.discovery.DiscoveryClient    : DiscoveryClient_API-GATEWAY/192.168.0.100:api-gateway:8765: registering service...
2026-01-03T21:50:04.559+05:30  INFO 20983 --- [nfoReplicator-0] com.netflix.discovery.DiscoveryClient    : DiscoveryClient_API-GATEWAY/192.168.0.100:api-gateway:8765 - registration status: 204
2026-01-03T21:50:04.571+05:30 DEBUG 20983 --- [           main] o.s.c.g.r.RouteDefinitionRouteLocator    : RouteDefinition ReactiveCompositeDiscoveryClient_BOOKING-SERVICE applying {pattern=/booking-service/**} to Path
2026-01-03T21:50:04.579+05:30 DEBUG 20983 --- [           main] o.s.c.g.r.RouteDefinitionRouteLocator    : RouteDefinition ReactiveCompositeDiscoveryClient_BOOKING-SERVICE applying filter {regexp=/booking-service/?(?<remaining>.*), replacement=/${remaining}} to RewritePath
2026-01-03T21:50:04.584+05:30 DEBUG 20983 --- [           main] o.s.c.g.r.RouteDefinitionRouteLocator    : RouteDefinition matched: ReactiveCompositeDiscoveryClient_BOOKING-SERVICE
2026-01-03T21:50:04.584+05:30 DEBUG 20983 --- [           main] o.s.c.g.r.RouteDefinitionRouteLocator    : RouteDefinition ReactiveCompositeDiscoveryClient_AUTH-SERVICE applying {pattern=/auth-service/**} to Path
2026-01-03T21:50:04.585+05:30 DEBUG 20983 --- [           main] o.s.c.g.r.RouteDefinitionRouteLocator    : RouteDefinition ReactiveCompositeDiscoveryClient_AUTH-SERVICE applying filter {regexp=/auth-service/?(?<remaining>.*), replacement=/${remaining}} to RewritePath
2026-01-03T21:50:04.585+05:30 DEBUG 20983 --- [           main] o.s.c.g.r.RouteDefinitionRouteLocator    : RouteDefinition matched: ReactiveCompositeDiscoveryClient_AUTH-SERVICE
2026-01-03T21:50:04.585+05:30 DEBUG 20983 --- [           main] o.s.c.g.r.RouteDefinitionRouteLocator    : RouteDefinition auth-service applying {_genkey_0=/auth-service/**} to Path
2026-01-03T21:50:04.586+05:30 DEBUG 20983 --- [           main] o.s.c.g.r.RouteDefinitionRouteLocator    : RouteDefinition auth-service applying filter {_genkey_0=1} to StripPrefix
2026-01-03T21:50:04.588+05:30 DEBUG 20983 --- [           main] o.s.c.g.r.RouteDefinitionRouteLocator    : RouteDefinition auth-service applying filter {_genkey_0=Cookie} to RemoveRequestHeader
2026-01-03T21:50:04.589+05:30 DEBUG 20983 --- [           main] o.s.c.g.r.RouteDefinitionRouteLocator    : RouteDefinition matched: auth-service
2026-01-03T21:50:04.589+05:30 DEBUG 20983 --- [           main] o.s.c.g.r.RouteDefinitionRouteLocator    : RouteDefinition technician-service applying {_genkey_0=/api/technicians/**} to Path
2026-01-03T21:50:04.589+05:30 DEBUG 20983 --- [           main] o.s.c.g.r.RouteDefinitionRouteLocator    : RouteDefinition matched: technician-service
2026-01-03T21:50:04.589+05:30 DEBUG 20983 --- [           main] o.s.c.g.r.RouteDefinitionRouteLocator    : RouteDefinition booking-service applying {_genkey_0=/api/bookings/**} to Path
2026-01-03T21:50:04.589+05:30 DEBUG 20983 --- [           main] o.s.c.g.r.RouteDefinitionRouteLocator    : RouteDefinition matched: booking-service
2026-01-03T21:50:04.599+05:30 DEBUG 20983 --- [           main] o.s.c.g.r.RouteDefinitionRouteLocator    : RouteDefinition ReactiveCompositeDiscoveryClient_BOOKING-SERVICE applying {pattern=/booking-service/**} to Path
2026-01-03T21:50:04.600+05:30 DEBUG 20983 --- [           main] o.s.c.g.r.RouteDefinitionRouteLocator    : RouteDefinition ReactiveCompositeDiscoveryClient_BOOKING-SERVICE applying filter {regexp=/booking-service/?(?<remaining>.*), replacement=/${remaining}} to RewritePath
2026-01-03T21:50:04.600+05:30 DEBUG 20983 --- [           main] o.s.c.g.r.RouteDefinitionRouteLocator    : RouteDefinition matched: ReactiveCompositeDiscoveryClient_BOOKING-SERVICE
2026-01-03T21:50:04.600+05:30 DEBUG 20983 --- [           main] o.s.c.g.r.RouteDefinitionRouteLocator    : RouteDefinition ReactiveCompositeDiscoveryClient_AUTH-SERVICE applying {pattern=/auth-service/**} to Path
2026-01-03T21:50:04.601+05:30 DEBUG 20983 --- [           main] o.s.c.g.r.RouteDefinitionRouteLocator    : RouteDefinition ReactiveCompositeDiscoveryClient_AUTH-SERVICE applying filter {regexp=/auth-service/?(?<remaining>.*), replacement=/${remaining}} to RewritePath
2026-01-03T21:50:04.601+05:30 DEBUG 20983 --- [           main] o.s.c.g.r.RouteDefinitionRouteLocator    : RouteDefinition matched: ReactiveCompositeDiscoveryClient_AUTH-SERVICE
2026-01-03T21:50:04.601+05:30 DEBUG 20983 --- [           main] o.s.c.g.r.RouteDefinitionRouteLocator    : RouteDefinition auth-service applying {_genkey_0=/auth-service/**} to Path
2026-01-03T21:50:04.601+05:30 DEBUG 20983 --- [           main] o.s.c.g.r.RouteDefinitionRouteLocator    : RouteDefinition auth-service applying filter {_genkey_0=1} to StripPrefix
2026-01-03T21:50:04.602+05:30 DEBUG 20983 --- [           main] o.s.c.g.r.RouteDefinitionRouteLocator    : RouteDefinition auth-service applying filter {_genkey_0=Cookie} to RemoveRequestHeader
2026-01-03T21:50:04.602+05:30 DEBUG 20983 --- [           main] o.s.c.g.r.RouteDefinitionRouteLocator    : RouteDefinition matched: auth-service
2026-01-03T21:50:04.602+05:30 DEBUG 20983 --- [           main] o.s.c.g.r.RouteDefinitionRouteLocator    : RouteDefinition technician-service applying {_genkey_0=/api/technicians/**} to Path
2026-01-03T21:50:04.602+05:30 DEBUG 20983 --- [           main] o.s.c.g.r.RouteDefinitionRouteLocator    : RouteDefinition matched: technician-service
2026-01-03T21:50:04.602+05:30 DEBUG 20983 --- [           main] o.s.c.g.r.RouteDefinitionRouteLocator    : RouteDefinition booking-service applying {_genkey_0=/api/bookings/**} to Path
2026-01-03T21:50:04.603+05:30 DEBUG 20983 --- [           main] o.s.c.g.r.RouteDefinitionRouteLocator    : RouteDefinition matched: booking-service
2026-01-03T21:50:04.605+05:30  INFO 20983 --- [           main] c.app.gateway.ApiGatewayApplicationTest  : Started ApiGatewayApplicationTest in 1.242 seconds (process running for 2.485)
]]></system-out>
  </testcase>
</testsuite>